SF:lib\src\models\csis_company_info.dart
DA:13,1
LF:1
LH:1
end_of_record
SF:lib\src\models\csis_contact.dart
DA:7,2
LF:1
LH:1
end_of_record
SF:lib\src\models\csis_service.dart
DA:6,2
LF:1
LH:1
end_of_record
SF:lib\src\widgets\csis_logo_widget.dart
DA:9,2
DA:16,1
DA:18,1
DA:21,1
DA:22,1
DA:23,1
DA:24,0
DA:25,0
DA:26,0
DA:27,0
DA:28,0
DA:29,0
DA:30,0
LF:13
LH:6
end_of_record
SF:lib\src\widgets\csis_info_card.dart
DA:11,1
DA:19,1
DA:21,1
DA:23,1
DA:24,1
DA:25,1
DA:27,1
DA:28,2
DA:29,1
DA:30,1
DA:31,1
DA:35,1
DA:37,4
DA:42,2
DA:44,1
DA:45,1
DA:46,3
LF:17
LH:17
end_of_record
SF:lib\src\widgets\csis_contact_widget.dart
DA:11,1
DA:18,1
DA:20,1
DA:22,1
DA:23,1
DA:24,1
DA:26,1
DA:27,1
DA:29,4
DA:35,3
DA:42,1
DA:43,3
DA:45,1
DA:47,1
DA:48,0
DA:49,1
DA:50,1
DA:52,1
DA:53,1
DA:54,2
DA:55,1
DA:58,1
DA:59,1
DA:61,1
DA:62,1
DA:63,1
DA:64,4
DA:65,1
DA:68,1
DA:69,1
DA:70,4
DA:78,1
DA:81,1
DA:90,1
DA:92,2
DA:94,1
DA:95,1
DA:98,1
DA:101,1
DA:103,1
DA:109,2
DA:111,1
DA:113,1
DA:114,2
DA:115,1
DA:116,1
DA:117,1
DA:119,1
DA:127,0
DA:130,0
DA:131,0
DA:132,0
DA:134,0
DA:135,0
DA:137,0
DA:143,0
DA:144,0
DA:147,0
LF:58
LH:47
end_of_record
SF:lib\src\widgets\csis_services_list.dart
DA:10,1
DA:17,1
DA:19,2
DA:20,3
DA:23,1
DA:25,1
DA:26,1
DA:27,1
DA:28,1
DA:31,1
DA:32,1
DA:34,4
DA:39,3
DA:42,1
DA:43,1
DA:45,1
DA:46,1
DA:48,4
DA:53,3
DA:61,1
DA:62,1
DA:64,1
DA:66,1
DA:67,1
DA:68,1
DA:69,4
DA:74,1
DA:75,1
DA:76,4
DA:77,1
DA:79,1
DA:80,1
LF:32
LH:32
end_of_record
